1492410291355	geckodriver	INFO	Listening on 127.0.0.1:51631
1492410293323	mozprofile::profile	INFO	Using profile path C:\Users\MSTEMP~1\AppData\Local\Temp\rust_mozprofile.NsJfn2L1gr9E
1492410293363	geckodriver::marionette	INFO	Starting browser C:\Program Files (x86)\Mozilla Firefox\firefox.exe
1492410293367	geckodriver::marionette	INFO	Connecting to Marionette on localhost:51648
1492410293803	addons.manager	DEBUG	Application has been upgraded
1492410294185	addons.manager	DEBUG	Loaded provider scope for resource://gre/modules/addons/XPIProvider.jsm: ["XPIProvider"]
1492410294189	addons.manager	DEBUG	Loaded provider scope for resource://gre/modules/LightweightThemeManager.jsm: ["LightweightThemeManager"]
1492410294198	addons.manager	DEBUG	Loaded provider scope for resource://gre/modules/addons/GMPProvider.jsm
1492410294202	addons.manager	DEBUG	Loaded provider scope for resource://gre/modules/addons/PluginProvider.jsm
1492410294205	addons.manager	DEBUG	Starting provider: XPIProvider
1492410294206	addons.xpi	DEBUG	startup
1492410294207	addons.xpi	INFO	SystemAddonInstallLocation directory is missing
1492410294209	addons.xpi	INFO	Mapping aushelper@mozilla.org to C:\Program Files (x86)\Mozilla Firefox\browser\features\aushelper@mozilla.org.xpi
1492410294210	addons.xpi	INFO	Mapping deployment-checker@mozilla.org to C:\Program Files (x86)\Mozilla Firefox\browser\features\deployment-checker@mozilla.org.xpi
1492410294210	addons.xpi	INFO	Mapping e10srollout@mozilla.org to C:\Program Files (x86)\Mozilla Firefox\browser\features\e10srollout@mozilla.org.xpi
1492410294211	addons.xpi	INFO	Mapping firefox@getpocket.com to C:\Program Files (x86)\Mozilla Firefox\browser\features\firefox@getpocket.com.xpi
1492410294212	addons.xpi	INFO	Mapping webcompat@mozilla.org to C:\Program Files (x86)\Mozilla Firefox\browser\features\webcompat@mozilla.org.xpi
1492410294213	addons.xpi	INFO	Mapping {972ce4c6-7e08-4474-a285-3208198ce6fd} to C:\Program Files (x86)\Mozilla Firefox\browser\extensions\{972ce4c6-7e08-4474-a285-3208198ce6fd}.xpi
1492410294214	addons.xpi	DEBUG	checkForChanges
1492410294214	addons.xpi	INFO	SystemAddonInstallLocation directory is missing
1492410294215	addons.xpi	DEBUG	Loaded add-on state from prefs: {}
1492410294217	addons.xpi	DEBUG	New add-on aushelper@mozilla.org in app-system-defaults
1492410294219	addons.xpi	DEBUG	getModTime: Recursive scan of aushelper@mozilla.org
1492410294220	addons.xpi	DEBUG	New add-on deployment-checker@mozilla.org in app-system-defaults
1492410294222	addons.xpi	DEBUG	getModTime: Recursive scan of deployment-checker@mozilla.org
1492410294223	addons.xpi	DEBUG	New add-on e10srollout@mozilla.org in app-system-defaults
1492410294224	addons.xpi	DEBUG	getModTime: Recursive scan of e10srollout@mozilla.org
1492410294225	addons.xpi	DEBUG	New add-on firefox@getpocket.com in app-system-defaults
1492410294225	addons.xpi	DEBUG	getModTime: Recursive scan of firefox@getpocket.com
1492410294226	addons.xpi	DEBUG	New add-on webcompat@mozilla.org in app-system-defaults
1492410294227	addons.xpi	DEBUG	getModTime: Recursive scan of webcompat@mozilla.org
1492410294228	addons.xpi	DEBUG	New add-on {972ce4c6-7e08-4474-a285-3208198ce6fd} in app-global
1492410294228	addons.xpi	DEBUG	getModTime: Recursive scan of {972ce4c6-7e08-4474-a285-3208198ce6fd}
1492410294229	addons.xpi	DEBUG	getInstallState changed: true, state: {"app-system-defaults":{"aushelper@mozilla.org":{"d":"C:\\Program Files (x86)\\Mozilla Firefox\\browser\\features\\aushelper@mozilla.org.xpi","st":1490296975000},"deployment-checker@mozilla.org":{"d":"C:\\Program Files (x86)\\Mozilla Firefox\\browser\\features\\deployment-checker@mozilla.org.xpi","st":1490296975000},"e10srollout@mozilla.org":{"d":"C:\\Program Files (x86)\\Mozilla Firefox\\browser\\features\\e10srollout@mozilla.org.xpi","st":1490296975000},"firefox@getpocket.com":{"d":"C:\\Program Files (x86)\\Mozilla Firefox\\browser\\features\\firefox@getpocket.com.xpi","st":1490296976000},"webcompat@mozilla.org":{"d":"C:\\Program Files (x86)\\Mozilla Firefox\\browser\\features\\webcompat@mozilla.org.xpi","st":1490296975000}},"app-global":{"{972ce4c6-7e08-4474-a285-3208198ce6fd}":{"d":"C:\\Program Files (x86)\\Mozilla Firefox\\browser\\extensions\\{972ce4c6-7e08-4474-a285-3208198ce6fd}.xpi","st":1490296975000}}}
1492410294241	addons.xpi-utils	DEBUG	Opening XPI database C:\Users\MSTEMP~1\AppData\Local\Temp\rust_mozprofile.NsJfn2L1gr9E\extensions.json
1492410294242	addons.xpi-utils	DEBUG	New add-on aushelper@mozilla.org installed in app-system-defaults
*** Blocklist::_loadBlocklistFromFile: blocklist is disabled
1492410294262	DeferredSave.extensions.json	DEBUG	Save changes
1492410294262	addons.xpi-utils	DEBUG	New add-on deployment-checker@mozilla.org installed in app-system-defaults
1492410294268	DeferredSave.extensions.json	DEBUG	Starting timer
1492410294271	DeferredSave.extensions.json	DEBUG	Save changes
1492410294271	addons.xpi-utils	DEBUG	New add-on e10srollout@mozilla.org installed in app-system-defaults
1492410294281	DeferredSave.extensions.json	DEBUG	Save changes
1492410294282	addons.xpi-utils	DEBUG	New add-on firefox@getpocket.com installed in app-system-defaults
1492410294289	DeferredSave.extensions.json	DEBUG	Save changes
1492410294290	addons.xpi-utils	DEBUG	New add-on webcompat@mozilla.org installed in app-system-defaults
1492410294295	DeferredSave.extensions.json	DEBUG	Save changes
1492410294296	addons.xpi-utils	DEBUG	New add-on {972ce4c6-7e08-4474-a285-3208198ce6fd} installed in app-global
1492410294302	DeferredSave.extensions.json	DEBUG	Save changes
1492410294304	addons.manager	DEBUG	Registering startup change 'installed' for aushelper@mozilla.org
1492410294313	addons.xpi	DEBUG	Loading bootstrap scope from C:\Program Files (x86)\Mozilla Firefox\browser\features\aushelper@mozilla.org.xpi
1492410294318	addons.xpi	DEBUG	Calling bootstrap method install on aushelper@mozilla.org version 2.0
1492410294319	addons.xpi-utils	DEBUG	Make addon app-system-defaults:aushelper@mozilla.org visible
1492410294319	DeferredSave.extensions.json	DEBUG	Save changes
1492410294320	addons.manager	DEBUG	Registering startup change 'installed' for deployment-checker@mozilla.org
1492410294321	addons.xpi	DEBUG	Loading bootstrap scope from C:\Program Files (x86)\Mozilla Firefox\browser\features\deployment-checker@mozilla.org.xpi
1492410294327	addons.xpi	DEBUG	Calling bootstrap method install on deployment-checker@mozilla.org version 1.0
1492410295591	addons.xpi-utils	DEBUG	Make addon app-system-defaults:deployment-checker@mozilla.org visible
1492410295592	DeferredSave.extensions.json	DEBUG	Save changes
1492410295592	addons.manager	DEBUG	Registering startup change 'installed' for e10srollout@mozilla.org
1492410295593	addons.xpi	DEBUG	Loading bootstrap scope from C:\Program Files (x86)\Mozilla Firefox\browser\features\e10srollout@mozilla.org.xpi
1492410295597	addons.xpi	DEBUG	Calling bootstrap method install on e10srollout@mozilla.org version 1.9
1492410295599	addons.xpi-utils	DEBUG	Make addon app-system-defaults:e10srollout@mozilla.org visible
1492410295600	DeferredSave.extensions.json	DEBUG	Save changes
1492410295600	addons.manager	DEBUG	Registering startup change 'installed' for firefox@getpocket.com
1492410295601	addons.xpi	DEBUG	Loading bootstrap scope from C:\Program Files (x86)\Mozilla Firefox\browser\features\firefox@getpocket.com.xpi
1492410295605	addons.xpi	DEBUG	Calling bootstrap method install on firefox@getpocket.com version 1.0.5
1492410295605	addons.xpi-utils	DEBUG	Make addon app-system-defaults:firefox@getpocket.com visible
1492410295606	DeferredSave.extensions.json	DEBUG	Save changes
1492410295607	addons.manager	DEBUG	Registering startup change 'installed' for webcompat@mozilla.org
1492410295607	addons.xpi	DEBUG	Loading bootstrap scope from C:\Program Files (x86)\Mozilla Firefox\browser\features\webcompat@mozilla.org.xpi
1492410295609	addons.xpi	DEBUG	Calling bootstrap method install on webcompat@mozilla.org version 1.0
1492410295610	addons.xpi-utils	DEBUG	Make addon app-system-defaults:webcompat@mozilla.org visible
1492410295611	DeferredSave.extensions.json	DEBUG	Save changes
1492410295611	addons.xpi-utils	DEBUG	Make addon app-global:{972ce4c6-7e08-4474-a285-3208198ce6fd} visible
1492410295612	DeferredSave.extensions.json	DEBUG	Save changes
1492410295613	addons.xpi	DEBUG	Updating XPIState for {"id":"aushelper@mozilla.org","syncGUID":"{0539cdf9-5554-4399-b5f2-bb71134a17b4}","location":"app-system-defaults","version":"2.0","type":"extension","internalName":null,"updateURL":null,"updateKey":null,"optionsURL":null,"optionsType":null,"aboutURL":null,"icons":{},"iconURL":null,"icon64URL":null,"defaultLocale":{"name":"Application Update Service Helper","description":"Sets value(s) in the update url based on custom checks.","creator":null,"homepageURL":null},"visible":true,"active":true,"userDisabled":false,"appDisabled":false,"descriptor":"C:\\Program Files (x86)\\Mozilla Firefox\\browser\\features\\aushelper@mozilla.org.xpi","installDate":1490296975000,"updateDate":1490296975000,"applyBackgroundUpdates":1,"bootstrap":true,"skinnable":false,"size":8488,"sourceURI":null,"releaseNotesURI":null,"softDisabled":false,"foreignInstall":false,"hasBinaryComponents":false,"strictCompatibility":false,"locales":[],"targetApplications":[{"id":"{ec8030f7-c20a-464f-9b0e-13a3a9e97384}","minVersion":"52.0.2","maxVersion":"52.*"}],"targetPlatforms":[],"multiprocessCompatible":true,"seen":true,"dependencies":[],"hasEmbeddedWebExtension":false,"mpcOptedOut":false}
1492410295613	addons.xpi	DEBUG	getModTime: Recursive scan of aushelper@mozilla.org
1492410295614	addons.xpi	DEBUG	Updating XPIState for {"id":"deployment-checker@mozilla.org","syncGUID":"{dbe2043f-f0bf-4bad-aaca-3bc6728f325a}","location":"app-system-defaults","version":"1.0","type":"extension","internalName":null,"updateURL":null,"updateKey":null,"optionsURL":null,"optionsType":null,"aboutURL":null,"icons":{},"iconURL":null,"icon64URL":null,"defaultLocale":{"name":"Site Deployment Checker","description":"Check that Users Encounter Mozilla Sites as Deployed by Mozilla","creator":null,"homepageURL":null},"visible":true,"active":true,"userDisabled":false,"appDisabled":false,"descriptor":"C:\\Program Files (x86)\\Mozilla Firefox\\browser\\features\\deployment-checker@mozilla.org.xpi","installDate":1490296975000,"updateDate":1490296975000,"applyBackgroundUpdates":1,"bootstrap":true,"skinnable":false,"size":11555,"sourceURI":null,"releaseNotesURI":null,"softDisabled":false,"foreignInstall":false,"hasBinaryComponents":false,"strictCompatibility":false,"locales":[],"targetApplications":[{"id":"{ec8030f7-c20a-464f-9b0e-13a3a9e97384}","minVersion":"52.0.2","maxVersion":"52.*"}],"targetPlatforms":[],"multiprocessCompatible":true,"seen":true,"dependencies":[],"hasEmbeddedWebExtension":false,"mpcOptedOut":false}
1492410295614	addons.xpi	DEBUG	getModTime: Recursive scan of deployment-checker@mozilla.org
1492410295615	addons.xpi	DEBUG	Updating XPIState for {"id":"e10srollout@mozilla.org","syncGUID":"{0d0671a9-3c3d-480d-936b-6ff02ebef806}","location":"app-system-defaults","version":"1.9","type":"extension","internalName":null,"updateURL":null,"updateKey":null,"optionsURL":null,"optionsType":null,"aboutURL":null,"icons":{},"iconURL":null,"icon64URL":null,"defaultLocale":{"name":"Multi-process staged rollout","description":"Staged rollout of Firefox multi-process feature.","creator":null,"homepageURL":null},"visible":true,"active":true,"userDisabled":false,"appDisabled":false,"descriptor":"C:\\Program Files (x86)\\Mozilla Firefox\\browser\\features\\e10srollout@mozilla.org.xpi","installDate":1490296975000,"updateDate":1490296975000,"applyBackgroundUpdates":1,"bootstrap":true,"skinnable":false,"size":7183,"sourceURI":null,"releaseNotesURI":null,"softDisabled":false,"foreignInstall":false,"hasBinaryComponents":false,"strictCompatibility":false,"locales":[],"targetApplications":[{"id":"{ec8030f7-c20a-464f-9b0e-13a3a9e97384}","minVersion":"52.0.2","maxVersion":"52.*"}],"targetPlatforms":[],"multiprocessCompatible":true,"seen":true,"dependencies":[],"hasEmbeddedWebExtension":false,"mpcOptedOut":false}
1492410295615	addons.xpi	DEBUG	getModTime: Recursive scan of e10srollout@mozilla.org
1492410295616	addons.xpi	DEBUG	Updating XPIState for {"id":"firefox@getpocket.com","syncGUID":"{cdc7ac10-1a23-4fca-af77-6548d35ea8c7}","location":"app-system-defaults","version":"1.0.5","type":"extension","internalName":null,"updateURL":null,"updateKey":null,"optionsURL":null,"optionsType":null,"aboutURL":null,"icons":{},"iconURL":null,"icon64URL":null,"defaultLocale":{"name":"Pocket","description":"When you find something you want to view later, put it in Pocket.","creator":null,"homepageURL":null},"visible":true,"active":true,"userDisabled":false,"appDisabled":false,"descriptor":"C:\\Program Files (x86)\\Mozilla Firefox\\browser\\features\\firefox@getpocket.com.xpi","installDate":1490296976000,"updateDate":1490296976000,"applyBackgroundUpdates":1,"bootstrap":true,"skinnable":false,"size":920281,"sourceURI":null,"releaseNotesURI":null,"softDisabled":false,"foreignInstall":false,"hasBinaryComponents":false,"strictCompatibility":false,"locales":[],"targetApplications":[{"id":"{ec8030f7-c20a-464f-9b0e-13a3a9e97384}","minVersion":"52.0.2","maxVersion":"52.*"}],"targetPlatforms":[],"multiprocessCompatible":true,"seen":true,"dependencies":[],"hasEmbeddedWebExtension":false,"mpcOptedOut":false}
1492410295616	addons.xpi	DEBUG	getModTime: Recursive scan of firefox@getpocket.com
1492410295616	addons.xpi	DEBUG	Updating XPIState for {"id":"webcompat@mozilla.org","syncGUID":"{4397b4db-bf13-4f98-860e-85954152ae59}","location":"app-system-defaults","version":"1.0","type":"extension","internalName":null,"updateURL":null,"updateKey":null,"optionsURL":null,"optionsType":null,"aboutURL":null,"icons":{},"iconURL":null,"icon64URL":null,"defaultLocale":{"name":"Web Compat","description":"Urgent post-release fixes for web compatibility.","creator":null,"homepageURL":null},"visible":true,"active":true,"userDisabled":false,"appDisabled":false,"descriptor":"C:\\Program Files (x86)\\Mozilla Firefox\\browser\\features\\webcompat@mozilla.org.xpi","installDate":1490296975000,"updateDate":1490296975000,"applyBackgroundUpdates":1,"bootstrap":true,"skinnable":false,"size":1456,"sourceURI":null,"releaseNotesURI":null,"softDisabled":false,"foreignInstall":false,"hasBinaryComponents":false,"strictCompatibility":false,"locales":[],"targetApplications":[{"id":"{ec8030f7-c20a-464f-9b0e-13a3a9e97384}","minVersion":"52.0.2","maxVersion":"52.*"}],"targetPlatforms":[],"multiprocessCompatible":true,"seen":true,"dependencies":[],"hasEmbeddedWebExtension":false,"mpcOptedOut":false}
1492410295617	addons.xpi	DEBUG	getModTime: Recursive scan of webcompat@mozilla.org
1492410295618	addons.xpi	DEBUG	Updating XPIState for {"id":"{972ce4c6-7e08-4474-a285-3208198ce6fd}","syncGUID":"{149e64b9-72e1-404c-a74c-05eb2177e575}","location":"app-global","version":"52.0.2","type":"theme","internalName":"classic/1.0","updateURL":null,"updateKey":null,"optionsURL":null,"optionsType":null,"aboutURL":null,"icons":{"32":"icon.png","48":"icon.png"},"iconURL":null,"icon64URL":null,"defaultLocale":{"name":"Default","description":"The default theme.","creator":"Mozilla","homepageURL":null,"contributors":["Mozilla Contributors"]},"visible":true,"active":true,"userDisabled":false,"appDisabled":false,"descriptor":"C:\\Program Files (x86)\\Mozilla Firefox\\browser\\extensions\\{972ce4c6-7e08-4474-a285-3208198ce6fd}.xpi","installDate":1490296975000,"updateDate":1490296975000,"applyBackgroundUpdates":1,"skinnable":true,"size":19587,"sourceURI":null,"releaseNotesURI":null,"softDisabled":false,"foreignInstall":false,"hasBinaryComponents":false,"strictCompatibility":true,"locales":[],"targetApplications":[{"id":"{ec8030f7-c20a-464f-9b0e-13a3a9e97384}","minVersion":"52.0.2","maxVersion":"52.0.2"}],"targetPlatforms":[],"seen":true,"dependencies":[],"hasEmbeddedWebExtension":false}
1492410295618	addons.xpi	DEBUG	getModTime: Recursive scan of {972ce4c6-7e08-4474-a285-3208198ce6fd}
1492410295619	DeferredSave.extensions.json	DEBUG	Save changes
1492410295619	addons.xpi	DEBUG	Updating database with changes to installed add-ons
1492410295620	addons.xpi-utils	DEBUG	Updating add-on states
1492410295621	addons.xpi-utils	DEBUG	Writing add-ons list
1492410295627	addons.xpi	DEBUG	Registering manifest for C:\Program Files (x86)\Mozilla Firefox\browser\features\aushelper@mozilla.org.xpi
1492410295628	addons.xpi	DEBUG	Calling bootstrap method startup on aushelper@mozilla.org version 2.0
1492410295629	addons.xpi	DEBUG	Registering manifest for C:\Program Files (x86)\Mozilla Firefox\browser\features\deployment-checker@mozilla.org.xpi
1492410295630	addons.xpi	DEBUG	Calling bootstrap method startup on deployment-checker@mozilla.org version 1.0
1492410295631	addons.xpi	DEBUG	Registering manifest for C:\Program Files (x86)\Mozilla Firefox\browser\features\e10srollout@mozilla.org.xpi
1492410295632	addons.xpi	DEBUG	Calling bootstrap method startup on e10srollout@mozilla.org version 1.9
1492410295632	addons.xpi	DEBUG	Registering manifest for C:\Program Files (x86)\Mozilla Firefox\browser\features\firefox@getpocket.com.xpi
1492410295633	addons.xpi	DEBUG	Calling bootstrap method startup on firefox@getpocket.com version 1.0.5
1492410295634	addons.xpi	DEBUG	Registering manifest for C:\Program Files (x86)\Mozilla Firefox\browser\features\webcompat@mozilla.org.xpi
1492410295635	addons.xpi	DEBUG	Calling bootstrap method startup on webcompat@mozilla.org version 1.0
1492410295638	addons.manager	DEBUG	Registering shutdown blocker for XPIProvider
1492410295639	addons.manager	DEBUG	Provider finished startup: XPIProvider
1492410295640	addons.manager	DEBUG	Starting provider: LightweightThemeManager
1492410295640	addons.manager	DEBUG	Registering shutdown blocker for LightweightThemeManager
1492410295641	addons.manager	DEBUG	Provider finished startup: LightweightThemeManager
1492410295641	addons.manager	DEBUG	Starting provider: GMPProvider
1492410295678	addons.manager	DEBUG	Registering shutdown blocker for GMPProvider
1492410295678	addons.manager	DEBUG	Provider finished startup: GMPProvider
1492410295679	addons.manager	DEBUG	Starting provider: PluginProvider
1492410295680	addons.manager	DEBUG	Registering shutdown blocker for PluginProvider
1492410295681	addons.manager	DEBUG	Provider finished startup: PluginProvider
1492410295682	addons.manager	DEBUG	Completed startup sequence
1492410296167	Marionette	INFO	Listening on port 51648
1492410297917	addons.manager	DEBUG	Starting provider: <unnamed-provider>
1492410297918	addons.manager	DEBUG	Registering shutdown blocker for <unnamed-provider>
1492410297918	addons.manager	DEBUG	Provider finished startup: <unnamed-provider>
1492410297958	addons.manager	DEBUG	Starting provider: PreviousExperimentProvider
1492410297959	addons.manager	DEBUG	Registering shutdown blocker for PreviousExperimentProvider
1492410297959	addons.manager	DEBUG	Provider finished startup: PreviousExperimentProvider
1492410297963	DeferredSave.extensions.json	DEBUG	Starting write
LdrLoadDll: Blocking load of 'k7pswsen.dll' -- see http://www.mozilla.com/en-US/blocklist/
1492410298285	DeferredSave.extensions.json	DEBUG	Write succeeded
1492410298287	addons.xpi-utils	DEBUG	XPI Database saved, setting schema version preference to 19
1492410300204	Marionette	WARN	Using deprecated data structure for setting timeouts
1492410300212	Marionette	WARN	Using deprecated data structure for setting timeouts
1492410306545	Marionette	WARN	Using deprecated data structure for setting timeouts
1492410359388	addons.productaddons	INFO	sending request to: https://aus5.mozilla.org/update/3/GMP/52.0.2/20170323105023/WINNT_x86-msvc-x64/en-US/release/Windows_NT%2010.0.0.0%20(x64)/default/default/update.xml
1492410365241	addons.productaddons	INFO	Completed downloading document
1492410365446	addons.productaddons	INFO	downloadXHR File download. status=200
1492410365451	addons.productaddons	INFO	Downloaded file will be saved to C:\Users\MSTEMP~1\AppData\Local\Temp\tmpaddon
1492410368048	addons.productaddons	INFO	downloadXHR File download. status=200
1492410368052	addons.productaddons	INFO	Downloaded file will be saved to C:\Users\MSTEMP~1\AppData\Local\Temp\tm149241051492410686001	addons.manager	INFO	Skipping background update149241071492410926028	DeferredSave.extensions.json	DEBUG	Save changes
1492410926030	DeferredSave.extensions.json	DEBUG	Starting timer
1492410926056	DeferredSave.extensions.json	DEBUG	Starting write
1492410926087	DeferredSave.extensions.json	DEBUG	Write suc149241101492411048736	addons.xpi	DEBUG	Calling bootstrap method shutdown on webcompat@mozilla.org version 1.0
1492411048737	addons.xpi	DEBUG	Calling bootstrap method shutdown on firefox@getpocket.com version 1.0.5
1492411048738	addons.xpi	DEBUG	Calling bootstrap method shutdown on e10srollout@mozilla.org version 1.9
1492411048741	addons.xpi	DEBUG	Calling bootstrap method shutdown on deployment-checker@mozilla.org version 1.0
1492411048743	addons.xpi	DEBUG	Calling bootstrap method shutdown on aushelper@mozilla.org version 2.0
1492411048920	addons.manager	DEBUG	shutdown
1492411048920	addons.manager	DEBUG	Calling shutdown blocker for XPIProvider
1492411048921	addons.xpi	DEBUG	shutdown
1492411048921	addons.xpi-utils	DEBUG	shutdown
1492411048922	addons.manager	DEBUG	Calling shutdown blocker for LightweightThemeManager
1492411048923	addons.manager	DEBUG	Calling shutdown blocker for GMPProvider
1492411048928	addons.manager	DEBUG	Calling shutdown blocker for PluginProvider
1492411048929	addons.manager	DEBUG	Calling shutdown blocker for <unnamed-provider>
1492411048932	addons.manager	DEBUG	Calling shutdown blocker for PreviousExperimentProvider
1492411048937	addons.xpi	DEBUG	Notifying XPI shutdown observers
1492411048944	addons.manager	DEBUG	Async provider shutdown done
